TN:
SF:..\elearning-frontend\src\utils\toast.ts
FN:14,successToast
FN:24,errorToast
FN:34,infoToast
FN:41,warningToast
FNF:4
FNH:4
FNDA:25,successToast
FNDA:4,errorToast
FNDA:4,infoToast
FNDA:5,warningToast
DA:1,1
DA:2,1
DA:3,1
DA:4,1
DA:5,1
DA:6,1
DA:7,1
DA:8,1
DA:9,1
DA:10,1
DA:11,1
DA:12,1
DA:13,1
DA:14,1
DA:15,25
DA:16,25
DA:17,25
DA:18,25
DA:19,25
DA:20,25
DA:21,25
DA:22,25
DA:23,1
DA:24,1
DA:25,4
DA:26,4
DA:27,4
DA:28,4
DA:29,4
DA:30,4
DA:31,4
DA:32,4
DA:33,1
DA:34,1
DA:35,4
DA:36,4
DA:37,4
DA:38,4
DA:39,4
DA:40,1
DA:41,1
DA:42,5
DA:43,5
DA:44,5
DA:45,5
DA:46,5
DA:47,5
DA:48,5
DA:49,5
DA:50,5
DA:51,1
DA:52,1
LF:52
LH:52
BRDA:14,0,0,25
BRDA:24,1,0,4
BRDA:34,2,0,4
BRDA:41,3,0,5
BRF:4
BRH:4
end_of_record
