TN:
SF:..\elearning-frontend\src\apis\profile.ts
FN:21,updateUserInfo
FN:25,uploadImage
FN:36,getAddresses
FN:40,getUser
FN:44,getAddress
FN:48,createAddress
FN:52,editAddress
FN:56,deleteAddress
FN:60,changePassword
FNF:9
FNH:9
FNDA:4,updateUserInfo
FNDA:10,uploadImage
FNDA:2,getAddresses
FNDA:5,getUser
FNDA:3,getAddress
FNDA:4,createAddress
FNDA:2,editAddress
FNDA:2,deleteAddress
FNDA:7,changePassword
DA:1,1
DA:2,1
DA:3,1
DA:4,1
DA:5,1
DA:6,1
DA:7,1
DA:8,1
DA:9,1
DA:10,1
DA:11,1
DA:12,1
DA:13,1
DA:14,1
DA:15,1
DA:16,1
DA:17,1
DA:18,1
DA:19,1
DA:20,1
DA:21,1
DA:22,4
DA:23,4
DA:24,1
DA:25,1
DA:26,10
DA:27,10
DA:28,10
DA:29,10
DA:30,10
DA:31,10
DA:32,10
DA:33,10
DA:34,10
DA:35,1
DA:36,1
DA:37,2
DA:38,2
DA:39,1
DA:40,1
DA:41,5
DA:42,5
DA:43,1
DA:44,1
DA:45,3
DA:46,3
DA:47,1
DA:48,1
DA:49,4
DA:50,4
DA:51,1
DA:52,1
DA:53,2
DA:54,2
DA:55,1
DA:56,1
DA:57,2
DA:58,2
DA:59,1
DA:60,1
DA:61,7
DA:62,7
DA:63,7
DA:64,7
DA:65,7
LF:65
LH:65
BRDA:21,0,0,4
BRDA:25,1,0,10
BRDA:36,2,0,2
BRDA:40,3,0,5
BRDA:44,4,0,3
BRDA:48,5,0,4
BRDA:52,6,0,2
BRDA:56,7,0,2
BRDA:60,8,0,7
BRF:9
BRH:9
end_of_record
