TN:
SF:..\elearning-frontend\src\apis\enrollments.ts
FN:12,createEnrollment
FN:21,getSubscribedCourses
FN:34,getEnrollmentById
FN:42,updateEnrollmentStatus
FN:51,markEpisodeComplete
FN:60,updateLastEpisode
FN:71,completeCourse
FN:79,resetCourse
FNF:8
FNH:8
FNDA:4,createEnrollment
FNDA:9,getSubscribedCourses
FNDA:2,getEnrollmentById
FNDA:2,updateEnrollmentStatus
FNDA:5,markEpisodeComplete
FNDA:2,updateLastEpisode
FNDA:3,completeCourse
FNDA:3,resetCourse
DA:1,1
DA:2,1
DA:3,1
DA:4,1
DA:5,1
DA:6,1
DA:7,1
DA:8,1
DA:9,1
DA:10,1
DA:11,1
DA:12,1
DA:13,4
DA:14,4
DA:15,4
DA:16,4
DA:17,4
DA:18,1
DA:19,1
DA:20,1
DA:21,1
DA:22,9
DA:23,9
DA:24,9
DA:25,9
DA:26,9
DA:27,3
DA:28,3
DA:29,9
DA:30,9
DA:31,9
DA:32,1
DA:33,1
DA:34,1
DA:35,2
DA:36,2
DA:37,2
DA:38,2
DA:39,2
DA:40,1
DA:41,1
DA:42,1
DA:43,2
DA:44,2
DA:45,2
DA:46,2
DA:47,2
DA:48,2
DA:49,1
DA:50,1
DA:51,1
DA:52,5
DA:53,5
DA:54,5
DA:55,5
DA:56,5
DA:57,5
DA:58,1
DA:59,1
DA:60,1
DA:61,2
DA:62,2
DA:63,2
DA:64,2
DA:65,2
DA:66,2
DA:67,2
DA:68,2
DA:69,1
DA:70,1
DA:71,1
DA:72,3
DA:73,3
DA:74,3
DA:75,3
DA:76,3
DA:77,1
DA:78,1
DA:79,1
DA:80,3
DA:81,3
DA:82,3
DA:83,3
DA:84,3
DA:85,1
DA:86,1
DA:87,1
DA:88,1
DA:89,1
DA:90,1
DA:91,1
DA:92,1
DA:93,1
DA:94,1
DA:95,1
DA:96,1
DA:97,1
LF:97
LH:97
BRDA:12,0,0,4
BRDA:21,1,0,9
BRDA:26,2,0,3
BRDA:29,3,0,6
BRDA:34,4,0,2
BRDA:42,5,0,2
BRDA:51,6,0,5
BRDA:60,7,0,2
BRDA:71,8,0,3
BRDA:79,9,0,3
BRF:10
BRH:10
end_of_record
