TN:
SF:..\elearning-frontend\src\apis\exams.ts
FN:14,getExams
FN:23,getExamById
FN:28,createExam
FN:35,updateExam
FN:43,deleteExam
FN:52,createExamQuestion
FN:64,getExamQuestions
FN:72,updateExamQuestion
FN:85,deleteExamQuestion
FN:95,createExamAnswer
FN:110,getQuestionAnswers
FN:122,updateExamAnswer
FN:138,deleteExamAnswer
FN:151,getExamLeaderboard
FN:160,startExamAttempt
FN:167,submitExamAttempt
FN:178,getMyExamAttempt
FNF:17
FNH:17
FNDA:3,getExams
FNDA:7,getExamById
FNDA:2,createExam
FNDA:1,updateExam
FNDA:2,deleteExam
FNDA:2,createExamQuestion
FNDA:3,getExamQuestions
FNDA:1,updateExamQuestion
FNDA:1,deleteExamQuestion
FNDA:2,createExamAnswer
FNDA:2,getQuestionAnswers
FNDA:1,updateExamAnswer
FNDA:2,deleteExamAnswer
FNDA:4,getExamLeaderboard
FNDA:4,startExamAttempt
FNDA:7,submitExamAttempt
FNDA:2,getMyExamAttempt
DA:1,1
DA:2,1
DA:3,1
DA:4,1
DA:5,1
DA:6,1
DA:7,1
DA:8,1
DA:9,1
DA:10,1
DA:11,1
DA:12,1
DA:13,1
DA:14,1
DA:15,3
DA:16,3
DA:17,3
DA:18,3
DA:19,3
DA:20,3
DA:21,1
DA:22,1
DA:23,1
DA:24,7
DA:25,7
DA:26,1
DA:27,1
DA:28,1
DA:29,2
DA:30,2
DA:31,2
DA:32,2
DA:33,1
DA:34,1
DA:35,1
DA:36,1
DA:37,1
DA:38,1
DA:39,1
DA:40,1
DA:41,1
DA:42,1
DA:43,1
DA:44,2
DA:45,2
DA:46,2
DA:47,2
DA:48,1
DA:49,1
DA:50,1
DA:51,1
DA:52,1
DA:53,2
DA:54,2
DA:55,2
DA:56,2
DA:57,2
DA:58,2
DA:59,2
DA:60,2
DA:61,2
DA:62,1
DA:63,1
DA:64,1
DA:65,3
DA:66,3
DA:67,3
DA:68,3
DA:69,3
DA:70,1
DA:71,1
DA:72,1
DA:73,1
DA:74,1
DA:75,1
DA:76,1
DA:77,1
DA:78,1
DA:79,1
DA:80,1
DA:81,1
DA:82,1
DA:83,1
DA:84,1
DA:85,1
DA:86,1
DA:87,1
DA:88,1
DA:89,1
DA:90,1
DA:91,1
DA:92,1
DA:93,1
DA:94,1
DA:95,1
DA:96,2
DA:97,2
DA:98,2
DA:99,2
DA:100,2
DA:101,2
DA:102,2
DA:103,2
DA:104,2
DA:105,2
DA:106,2
DA:107,2
DA:108,1
DA:109,1
DA:110,1
DA:111,2
DA:112,2
DA:113,2
DA:114,2
DA:115,2
DA:116,2
DA:117,2
DA:118,2
DA:119,2
DA:120,1
DA:121,1
DA:122,1
DA:123,1
DA:124,1
DA:125,1
DA:126,1
DA:127,1
DA:128,1
DA:129,1
DA:130,1
DA:131,1
DA:132,1
DA:133,1
DA:134,1
DA:135,1
DA:136,1
DA:137,1
DA:138,1
DA:139,2
DA:140,2
DA:141,2
DA:142,2
DA:143,2
DA:144,2
DA:145,2
DA:146,2
DA:147,1
DA:148,1
DA:149,1
DA:150,1
DA:151,1
DA:152,4
DA:153,4
DA:154,4
DA:155,4
DA:156,1
DA:157,1
DA:158,1
DA:159,1
DA:160,1
DA:161,4
DA:162,4
DA:163,4
DA:164,4
DA:165,1
DA:166,1
DA:167,1
DA:168,7
DA:169,7
DA:170,7
DA:171,7
DA:172,7
DA:173,7
DA:174,7
DA:175,7
DA:176,1
DA:177,1
DA:178,1
DA:179,2
DA:180,2
DA:181,2
DA:182,2
DA:183,1
DA:184,1
DA:185,1
DA:186,1
DA:187,1
DA:188,1
DA:189,1
DA:190,1
DA:191,1
DA:192,1
DA:193,1
DA:194,1
DA:195,1
DA:196,1
DA:197,1
DA:198,1
DA:199,1
DA:200,1
DA:201,1
DA:202,1
DA:203,1
DA:204,1
DA:205,1
DA:206,1
DA:207,1
DA:208,1
DA:209,1
LF:209
LH:209
BRDA:14,0,0,3
BRDA:23,1,0,7
BRDA:28,2,0,2
BRDA:35,3,0,1
BRDA:43,4,0,2
BRDA:52,5,0,2
BRDA:64,6,0,3
BRDA:68,7,0,2
BRDA:68,8,0,0
BRDA:68,9,0,2
BRDA:68,10,0,1
BRDA:72,11,0,1
BRDA:85,12,0,1
BRDA:95,13,0,2
BRDA:110,14,0,2
BRDA:115,15,0,0
BRDA:115,16,0,0
BRDA:118,17,0,1
BRDA:118,18,0,1
BRDA:118,19,0,1
BRDA:116,20,0,2
BRDA:122,21,0,1
BRDA:138,22,0,2
BRDA:151,23,0,4
BRDA:160,24,0,4
BRDA:167,25,0,7
BRDA:178,26,0,2
BRF:27
BRH:24
end_of_record
