TN:
SF:..\elearning-frontend\src\utils\formatTime.ts
FN:1,calculateTimeLeft
FN:18,formatDate
FNF:2
FNH:2
FNDA:10032,calculateTimeLeft
FNDA:12,formatDate
DA:1,1
DA:2,10032
DA:3,10032
DA:4,10032
DA:5,10032
DA:6,10032
DA:7,5
DA:8,5
DA:9,10025
DA:10,10025
DA:11,10025
DA:12,10025
DA:13,10025
DA:14,10025
DA:15,10025
DA:16,10025
DA:17,1
DA:18,1
DA:19,12
DA:20,12
DA:21,12
DA:22,12
DA:23,12
DA:24,12
DA:25,12
DA:26,12
DA:27,12
DA:28,1
DA:29,1
DA:30,11
DA:31,11
DA:32,11
LF:32
LH:32
BRDA:1,0,0,10032
BRDA:6,1,0,5
BRDA:9,2,0,10025
BRDA:18,3,0,12
BRDA:27,4,0,1
BRDA:30,5,0,11
BRF:6
BRH:6
end_of_record
