TN:
SF:..\elearning-frontend\src\apis\zoom.ts
FN:41,getZoomMeetings
FN:47,getZoomMeetingById
FN:52,createZoomMeeting
FN:57,updateZoomMeeting
FN:62,deleteZoomMeeting
FNF:5
FNH:5
FNDA:7,getZoomMeetings
FNDA:3,getZoomMeetingById
FNDA:8,createZoomMeeting
FNDA:4,updateZoomMeeting
FNDA:3,deleteZoomMeeting
DA:1,1
DA:2,1
DA:3,1
DA:4,1
DA:5,1
DA:6,1
DA:7,1
DA:8,1
DA:9,1
DA:10,1
DA:11,1
DA:12,1
DA:13,1
DA:14,1
DA:15,1
DA:16,1
DA:17,1
DA:18,1
DA:19,1
DA:20,1
DA:21,1
DA:22,1
DA:23,1
DA:24,1
DA:25,1
DA:26,1
DA:27,1
DA:28,1
DA:29,1
DA:30,1
DA:31,1
DA:32,1
DA:33,1
DA:34,1
DA:35,1
DA:36,1
DA:37,1
DA:38,1
DA:39,1
DA:40,1
DA:41,1
DA:42,7
DA:43,7
DA:44,7
DA:45,1
DA:46,1
DA:47,1
DA:48,3
DA:49,3
DA:50,1
DA:51,1
DA:52,1
DA:53,8
DA:54,8
DA:55,1
DA:56,1
DA:57,1
DA:58,4
DA:59,4
DA:60,1
DA:61,1
DA:62,1
DA:63,3
DA:64,3
DA:65,1
DA:66,1
DA:67,1
DA:68,1
DA:69,1
DA:70,1
DA:71,1
DA:72,1
DA:73,1
DA:74,1
LF:74
LH:74
BRDA:41,0,0,7
BRDA:42,1,0,2
BRDA:42,2,0,5
BRDA:47,3,0,3
BRDA:52,4,0,8
BRDA:57,5,0,4
BRDA:62,6,0,3
BRF:7
BRH:7
end_of_record
