TN:
SF:..\elearning-frontend\src\apis\courses.ts
FN:27,getPendingCourses
FN:32,getApprovedCourses
FN:50,getCourses
FN:60,getCourseById
FN:65,createCourse
FN:70,updateCourse
FN:75,updateCourseByAdmin
FN:86,deleteCourse
FN:93,addCourseMaterial
FN:105,getCourseMaterials
FN:110,getCourseMaterialById
FN:118,updateCourseMaterial
FN:131,deleteCourseMaterial
FN:141,addChapter
FN:149,getAllChapters
FN:156,getChapterById
FN:164,updateChapter
FN:173,deleteChapter
FN:183,addEpisode
FN:192,getAllEpisodes
FN:200,getEpisodeById
FN:209,updateEpisode
FN:219,deleteEpisode
FN:230,addQuizQuestion
FN:243,getAllQuestions
FN:254,getQuestionById
FN:266,updateQuestion
FN:280,deleteQuestion
FN:294,addQuizAnswer
FN:308,getAllAnswers
FN:320,getAnswerById
FN:333,updateAnswer
FN:348,deleteAnswer
FN:363,getSubjects
FN:368,getGradeLevels
FN:375,getFeaturedCourses
FN:382,getCoursesBySubject
FN:392,getPlatformStats
FNF:38
FNH:38
FNDA:3,getPendingCourses
FNDA:5,getApprovedCourses
FNDA:1,getCourses
FNDA:4,getCourseById
FNDA:3,createCourse
FNDA:1,updateCourse
FNDA:2,updateCourseByAdmin
FNDA:2,deleteCourse
FNDA:1,addCourseMaterial
FNDA:1,getCourseMaterials
FNDA:1,getCourseMaterialById
FNDA:1,updateCourseMaterial
FNDA:1,deleteCourseMaterial
FNDA:1,addChapter
FNDA:1,getAllChapters
FNDA:1,getChapterById
FNDA:1,updateChapter
FNDA:1,deleteChapter
FNDA:2,addEpisode
FNDA:1,getAllEpisodes
FNDA:1,getEpisodeById
FNDA:1,updateEpisode
FNDA:1,deleteEpisode
FNDA:1,addQuizQuestion
FNDA:1,getAllQuestions
FNDA:1,getQuestionById
FNDA:1,updateQuestion
FNDA:1,deleteQuestion
FNDA:1,addQuizAnswer
FNDA:1,getAllAnswers
FNDA:1,getAnswerById
FNDA:1,updateAnswer
FNDA:2,deleteAnswer
FNDA:2,getSubjects
FNDA:1,getGradeLevels
FNDA:2,getFeaturedCourses
FNDA:1,getCoursesBySubject
FNDA:1,getPlatformStats
DA:1,1
DA:2,1
DA:3,1
DA:4,1
DA:5,1
DA:6,1
DA:7,1
DA:8,1
DA:9,1
DA:10,1
DA:11,1
DA:12,1
DA:13,1
DA:14,1
DA:15,1
DA:16,1
DA:17,1
DA:18,1
DA:19,1
DA:20,1
DA:21,1
DA:22,1
DA:23,1
DA:24,1
DA:25,1
DA:26,1
DA:27,1
DA:28,3
DA:29,3
DA:30,1
DA:31,1
DA:32,1
DA:33,5
DA:34,5
DA:35,5
DA:36,5
DA:37,5
DA:38,5
DA:39,5
DA:40,5
DA:41,5
DA:42,5
DA:43,5
DA:44,5
DA:45,5
DA:46,5
DA:47,5
DA:48,1
DA:49,1
DA:50,1
DA:51,1
DA:52,1
DA:53,1
DA:54,1
DA:55,1
DA:56,1
DA:57,1
DA:58,1
DA:59,1
DA:60,1
DA:61,4
DA:62,4
DA:63,1
DA:64,1
DA:65,1
DA:66,3
DA:67,3
DA:68,1
DA:69,1
DA:70,1
DA:71,1
DA:72,1
DA:73,1
DA:74,1
DA:75,1
DA:76,2
DA:77,2
DA:78,2
DA:79,2
DA:80,2
DA:81,2
DA:82,2
DA:83,2
DA:84,1
DA:85,1
DA:86,1
DA:87,2
DA:88,2
DA:89,1
DA:90,1
DA:91,1
DA:92,1
DA:93,1
DA:94,1
DA:95,1
DA:96,1
DA:97,1
DA:98,1
DA:99,1
DA:100,1
DA:101,1
DA:102,1
DA:103,1
DA:104,1
DA:105,1
DA:106,1
DA:107,1
DA:108,1
DA:109,1
DA:110,1
DA:111,1
DA:112,1
DA:113,1
DA:114,1
DA:115,1
DA:116,1
DA:117,1
DA:118,1
DA:119,1
DA:120,1
DA:121,1
DA:122,1
DA:123,1
DA:124,1
DA:125,1
DA:126,1
DA:127,1
DA:128,1
DA:129,1
DA:130,1
DA:131,1
DA:132,1
DA:133,1
DA:134,1
DA:135,1
DA:136,1
DA:137,1
DA:138,1
DA:139,1
DA:140,1
DA:141,1
DA:142,1
DA:143,1
DA:144,1
DA:145,1
DA:146,1
DA:147,1
DA:148,1
DA:149,1
DA:150,1
DA:151,1
DA:152,1
DA:153,1
DA:154,1
DA:155,1
DA:156,1
DA:157,1
DA:158,1
DA:159,1
DA:160,1
DA:161,1
DA:162,1
DA:163,1
DA:164,1
DA:165,1
DA:166,1
DA:167,1
DA:168,1
DA:169,1
DA:170,1
DA:171,1
DA:172,1
DA:173,1
DA:174,1
DA:175,1
DA:176,1
DA:177,1
DA:178,1
DA:179,1
DA:180,1
DA:181,1
DA:182,1
DA:183,1
DA:184,2
DA:185,2
DA:186,2
DA:187,2
DA:188,2
DA:189,2
DA:190,1
DA:191,1
DA:192,1
DA:193,1
DA:194,1
DA:195,1
DA:196,1
DA:197,1
DA:198,1
DA:199,1
DA:200,1
DA:201,1
DA:202,1
DA:203,1
DA:204,1
DA:205,1
DA:206,1
DA:207,1
DA:208,1
DA:209,1
DA:210,1
DA:211,1
DA:212,1
DA:213,1
DA:214,1
DA:215,1
DA:216,1
DA:217,1
DA:218,1
DA:219,1
DA:220,1
DA:221,1
DA:222,1
DA:223,1
DA:224,1
DA:225,1
DA:226,1
DA:227,1
DA:228,1
DA:229,1
DA:230,1
DA:231,1
DA:232,1
DA:233,1
DA:234,1
DA:235,1
DA:236,1
DA:237,1
DA:238,1
DA:239,1
DA:240,1
DA:241,1
DA:242,1
DA:243,1
DA:244,1
DA:245,1
DA:246,1
DA:247,1
DA:248,1
DA:249,1
DA:250,1
DA:251,1
DA:252,1
DA:253,1
DA:254,1
DA:255,1
DA:256,1
DA:257,1
DA:258,1
DA:259,1
DA:260,1
DA:261,1
DA:262,1
DA:263,1
DA:264,1
DA:265,1
DA:266,1
DA:267,1
DA:268,1
DA:269,1
DA:270,1
DA:271,1
DA:272,1
DA:273,1
DA:274,1
DA:275,1
DA:276,1
DA:277,1
DA:278,1
DA:279,1
DA:280,1
DA:281,1
DA:282,1
DA:283,1
DA:284,1
DA:285,1
DA:286,1
DA:287,1
DA:288,1
DA:289,1
DA:290,1
DA:291,1
DA:292,1
DA:293,1
DA:294,1
DA:295,1
DA:296,1
DA:297,1
DA:298,1
DA:299,1
DA:300,1
DA:301,1
DA:302,1
DA:303,1
DA:304,1
DA:305,1
DA:306,1
DA:307,1
DA:308,1
DA:309,1
DA:310,1
DA:311,1
DA:312,1
DA:313,1
DA:314,1
DA:315,1
DA:316,1
DA:317,1
DA:318,1
DA:319,1
DA:320,1
DA:321,1
DA:322,1
DA:323,1
DA:324,1
DA:325,1
DA:326,1
DA:327,1
DA:328,1
DA:329,1
DA:330,1
DA:331,1
DA:332,1
DA:333,1
DA:334,1
DA:335,1
DA:336,1
DA:337,1
DA:338,1
DA:339,1
DA:340,1
DA:341,1
DA:342,1
DA:343,1
DA:344,1
DA:345,1
DA:346,1
DA:347,1
DA:348,1
DA:349,2
DA:350,2
DA:351,2
DA:352,2
DA:353,2
DA:354,2
DA:355,2
DA:356,2
DA:357,2
DA:358,2
DA:359,1
DA:360,1
DA:361,1
DA:362,1
DA:363,1
DA:364,2
DA:365,2
DA:366,1
DA:367,1
DA:368,1
DA:369,1
DA:370,1
DA:371,1
DA:372,1
DA:373,1
DA:374,1
DA:375,1
DA:376,2
DA:377,2
DA:378,2
DA:379,2
DA:380,1
DA:381,1
DA:382,1
DA:383,1
DA:384,1
DA:385,1
DA:386,1
DA:387,1
DA:388,1
DA:389,1
DA:390,1
DA:391,1
DA:392,1
DA:393,1
DA:394,1
DA:395,1
DA:396,1
DA:397,1
DA:398,1
DA:399,1
DA:400,1
DA:401,1
DA:402,1
DA:403,1
DA:404,1
DA:405,1
DA:406,1
DA:407,1
DA:408,1
DA:409,1
DA:410,1
DA:411,1
DA:412,1
DA:413,1
DA:414,1
DA:415,1
DA:416,1
DA:417,1
DA:418,1
DA:419,1
DA:420,1
DA:421,1
DA:422,1
DA:423,1
DA:424,1
DA:425,1
DA:426,1
DA:427,1
DA:428,1
DA:429,1
DA:430,1
DA:431,1
DA:432,1
DA:433,1
DA:434,1
DA:435,1
DA:436,1
DA:437,1
DA:438,1
DA:439,1
DA:440,1
DA:441,1
DA:442,1
DA:443,1
DA:444,1
DA:445,1
DA:446,1
DA:447,1
DA:448,1
DA:449,1
DA:450,1
DA:451,1
DA:452,1
DA:453,1
DA:454,1
DA:455,1
DA:456,1
DA:457,1
LF:457
LH:457
BRDA:27,0,0,3
BRDA:32,1,0,5
BRDA:50,2,0,1
BRDA:60,3,0,4
BRDA:65,4,0,3
BRDA:70,5,0,1
BRDA:75,6,0,2
BRDA:86,7,0,2
BRDA:93,8,0,1
BRDA:105,9,0,1
BRDA:110,10,0,1
BRDA:118,11,0,1
BRDA:131,12,0,1
BRDA:141,13,0,1
BRDA:149,14,0,1
BRDA:156,15,0,1
BRDA:164,16,0,1
BRDA:173,17,0,1
BRDA:183,18,0,2
BRDA:192,19,0,1
BRDA:200,20,0,1
BRDA:209,21,0,1
BRDA:219,22,0,1
BRDA:230,23,0,1
BRDA:243,24,0,1
BRDA:254,25,0,1
BRDA:266,26,0,1
BRDA:280,27,0,1
BRDA:294,28,0,1
BRDA:308,29,0,1
BRDA:320,30,0,1
BRDA:333,31,0,1
BRDA:348,32,0,2
BRDA:363,33,0,2
BRDA:368,34,0,1
BRDA:375,35,0,2
BRDA:382,36,0,1
BRDA:392,37,0,1
BRF:38
BRH:38
end_of_record
