TN:
SF:..\elearning-frontend\src\utils\cloudinary.ts
FN:25,uploadImageToCloudinary
FN:82,uploadVideoToCloudinary
FN:137,isYouTubeUrl
FN:145,extractYouTubeId
FN:154,formatFileSize
FN:165,isValidImageFile
FN:173,isValidVideoFile
FN:181,isValidFileSize
FN:192,uploadFileToCloudinary
FN:247,isValidDocumentFile
FN:264,getFileExtension
FN:271,getFileIcon
FNF:12
FNH:12
FNDA:8,uploadImageToCloudinary
FNDA:3,uploadVideoToCloudinary
FNDA:10,isYouTubeUrl
FNDA:7,extractYouTubeId
FNDA:9,formatFileSize
FNDA:10,isValidImageFile
FNDA:7,isValidVideoFile
FNDA:7,isValidFileSize
FNDA:3,uploadFileToCloudinary
FNDA:10,isValidDocumentFile
FNDA:20,getFileExtension
FNDA:13,getFileIcon
DA:1,1
DA:2,1
DA:3,1
DA:4,1
DA:5,1
DA:6,1
DA:7,1
DA:8,1
DA:9,1
DA:10,1
DA:11,1
DA:12,1
DA:13,1
DA:14,1
DA:15,1
DA:16,1
DA:17,1
DA:18,1
DA:19,1
DA:20,1
DA:21,1
DA:22,1
DA:23,1
DA:24,1
DA:25,1
DA:26,8
DA:27,8
DA:28,8
DA:29,8
DA:30,8
DA:31,8
DA:32,8
DA:33,0
DA:34,0
DA:35,8
DA:36,8
DA:37,8
DA:38,8
DA:39,8
DA:40,8
DA:41,8
DA:42,8
DA:43,8
DA:44,8
DA:45,8
DA:46,1
DA:47,3
DA:48,3
DA:49,3
DA:50,3
DA:51,3
DA:52,3
DA:53,3
DA:54,3
DA:55,1
DA:56,1
DA:57,8
DA:58,8
DA:59,7
DA:60,6
DA:61,6
DA:62,7
DA:63,1
DA:64,1
DA:65,8
DA:66,8
DA:67,8
DA:68,1
DA:69,8
DA:70,8
DA:71,8
DA:72,8
DA:73,8
DA:74,8
DA:75,1
DA:76,1
DA:77,1
DA:78,1
DA:79,1
DA:80,1
DA:81,1
DA:82,1
DA:83,3
DA:84,3
DA:85,3
DA:86,3
DA:87,3
DA:88,3
DA:89,3
DA:90,1
DA:91,1
DA:92,2
DA:93,2
DA:94,2
DA:95,2
DA:96,2
DA:97,2
DA:98,2
DA:99,2
DA:100,2
DA:101,2
DA:102,2
DA:103,2
DA:104,0
DA:105,0
DA:106,0
DA:107,0
DA:108,0
DA:109,0
DA:110,0
DA:111,0
DA:112,0
DA:113,0
DA:114,0
DA:115,2
DA:116,2
DA:117,2
DA:118,2
DA:119,2
DA:120,2
DA:121,0
DA:122,0
DA:123,2
DA:124,2
DA:125,2
DA:126,0
DA:127,2
DA:128,2
DA:129,2
DA:130,2
DA:131,2
DA:132,2
DA:133,1
DA:134,1
DA:135,1
DA:136,1
DA:137,1
DA:138,10
DA:139,10
DA:140,10
DA:141,1
DA:142,1
DA:143,1
DA:144,1
DA:145,1
DA:146,7
DA:147,7
DA:148,7
DA:149,7
DA:150,1
DA:151,1
DA:152,1
DA:153,1
DA:154,1
DA:155,9
DA:156,8
DA:157,8
DA:158,8
DA:159,8
DA:160,8
DA:161,1
DA:162,1
DA:163,1
DA:164,1
DA:165,1
DA:166,10
DA:167,10
DA:168,10
DA:169,1
DA:170,1
DA:171,1
DA:172,1
DA:173,1
DA:174,7
DA:175,7
DA:176,7
DA:177,1
DA:178,1
DA:179,1
DA:180,1
DA:181,1
DA:182,7
DA:183,7
DA:184,7
DA:185,1
DA:186,1
DA:187,1
DA:188,1
DA:189,1
DA:190,1
DA:191,1
DA:192,1
DA:193,3
DA:194,3
DA:195,3
DA:196,3
DA:197,3
DA:198,3
DA:199,3
DA:200,0
DA:201,0
DA:202,3
DA:203,3
DA:204,3
DA:205,3
DA:206,3
DA:207,3
DA:208,3
DA:209,3
DA:210,3
DA:211,3
DA:212,3
DA:213,3
DA:214,0
DA:215,0
DA:216,0
DA:217,0
DA:218,0
DA:219,0
DA:220,0
DA:221,0
DA:222,0
DA:223,0
DA:224,0
DA:225,3
DA:226,3
DA:227,3
DA:228,3
DA:229,3
DA:230,3
DA:231,0
DA:232,0
DA:233,3
DA:234,3
DA:235,3
DA:236,0
DA:237,3
DA:238,3
DA:239,3
DA:240,3
DA:241,3
DA:242,3
DA:243,1
DA:244,1
DA:245,1
DA:246,1
DA:247,1
DA:248,10
DA:249,10
DA:250,10
DA:251,10
DA:252,10
DA:253,10
DA:254,10
DA:255,10
DA:256,10
DA:257,10
DA:258,10
DA:259,10
DA:260,1
DA:261,1
DA:262,1
DA:263,1
DA:264,1
DA:265,20
DA:266,20
DA:267,1
DA:268,1
DA:269,1
DA:270,1
DA:271,1
DA:272,13
DA:273,13
DA:274,13
DA:275,13
DA:276,13
DA:277,13
DA:278,13
DA:279,13
DA:280,3
DA:281,3
DA:282,3
LF:282
LH:250
BRDA:25,0,0,8
BRDA:29,1,0,7
BRDA:30,2,0,7
BRDA:32,3,0,0
BRDA:41,4,0,8
BRDA:45,5,0,1
BRDA:46,6,0,3
BRDA:58,7,0,7
BRDA:59,8,0,6
BRDA:62,9,0,1
BRDA:67,10,0,1
BRDA:82,11,0,3
BRDA:89,12,0,2
BRDA:89,13,0,1
BRDA:92,14,0,2
BRDA:99,15,0,2
BRDA:103,16,0,0
BRDA:116,17,0,2
BRDA:120,18,0,0
BRDA:137,19,0,10
BRDA:145,20,0,7
BRDA:148,21,0,5
BRDA:148,22,0,4
BRDA:148,23,0,3
BRDA:154,24,0,9
BRDA:155,25,0,1
BRDA:156,26,0,8
BRDA:165,27,0,10
BRDA:173,28,0,7
BRDA:181,29,0,7
BRDA:192,30,0,3
BRDA:199,31,0,0
BRDA:209,32,0,3
BRDA:213,33,0,0
BRDA:226,34,0,3
BRDA:230,35,0,0
BRDA:247,36,0,10
BRDA:264,37,0,20
BRDA:271,38,0,13
BRDA:275,39,0,12
BRDA:275,40,0,3
BRDA:276,41,0,10
BRDA:276,42,0,9
BRDA:276,43,0,2
BRDA:277,44,0,8
BRDA:277,45,0,7
BRDA:277,46,0,2
BRDA:278,47,0,6
BRDA:278,48,0,1
BRDA:279,49,0,5
BRDA:279,50,0,4
BRDA:279,51,0,2
BRDA:280,52,0,3
BRF:53
BRH:47
end_of_record
